2014-11-06 04:46:52,148 INFO [org.jasig.cas.services.DefaultServicesManagerImpl] - Loaded 1 services.
2014-11-06 04:46:52,455 WARN [org.jasig.cas.authentication.handler.support.SimpleTestUsernamePasswordAuthenticationHandler] - org.jasig.cas.authentication.handler.support.SimpleTestUsernamePasswordAuthenticationHandler is only to be used in a testing environment.  NEVER enable this in a production environment.
2014-11-06 04:46:55,361 INFO [org.jasig.cas.util.AutowiringSchedulerFactoryBean] - Starting Quartz Scheduler now
2014-11-06 04:47:11,554 INFO [org.jasig.cas.ticket.registry.support.DefaultTicketRegistryCleaner] - Beginning ticket cleanup.
2014-11-06 04:47:11,556 INFO [org.jasig.cas.ticket.registry.support.DefaultTicketRegistryCleaner] - 0 tickets found to be removed.
2014-11-06 04:47:11,556 INFO [org.jasig.cas.ticket.registry.support.DefaultTicketRegistryCleaner] - Finished ticket cleanup.
2014-11-06 04:48:52,287 INFO [org.jasig.cas.services.DefaultServicesManagerImpl] - Reloading registered services.
2014-11-06 04:48:52,288 INFO [org.jasig.cas.services.DefaultServicesManagerImpl] - Loaded 1 services.
2014-11-06 04:50:52,270 INFO [org.jasig.cas.services.DefaultServicesManagerImpl] - Reloading registered services.
2014-11-06 04:50:52,270 INFO [org.jasig.cas.services.DefaultServicesManagerImpl] - Loaded 1 services.
2014-11-06 04:52:52,270 INFO [org.jasig.cas.services.DefaultServicesManagerImpl] - Reloading registered services.
2014-11-06 04:52:52,270 INFO [org.jasig.cas.services.DefaultServicesManagerImpl] - Loaded 1 services.
2014-11-06 04:54:52,269 INFO [org.jasig.cas.services.DefaultServicesManagerImpl] - Reloading registered services.
2014-11-06 04:54:52,270 INFO [org.jasig.cas.services.DefaultServicesManagerImpl] - Loaded 1 services.
2014-11-06 04:56:52,270 INFO [org.jasig.cas.services.DefaultServicesManagerImpl] - Reloading registered services.
2014-11-06 04:56:52,270 INFO [org.jasig.cas.services.DefaultServicesManagerImpl] - Loaded 1 services.
2014-11-06 04:58:52,270 INFO [org.jasig.cas.services.DefaultServicesManagerImpl] - Reloading registered services.
2014-11-06 04:58:52,270 INFO [org.jasig.cas.services.DefaultServicesManagerImpl] - Loaded 1 services.
2014-11-06 05:00:52,269 INFO [org.jasig.cas.services.DefaultServicesManagerImpl] - Reloading registered services.
2014-11-06 05:00:52,270 INFO [org.jasig.cas.services.DefaultServicesManagerImpl] - Loaded 1 services.
2014-11-06 05:02:52,269 INFO [org.jasig.cas.services.DefaultServicesManagerImpl] - Reloading registered services.
2014-11-06 05:02:52,269 INFO [org.jasig.cas.services.DefaultServicesManagerImpl] - Loaded 1 services.
2014-11-06 05:04:52,270 INFO [org.jasig.cas.services.DefaultServicesManagerImpl] - Reloading registered services.
2014-11-06 05:04:52,270 INFO [org.jasig.cas.services.DefaultServicesManagerImpl] - Loaded 1 services.
2014-11-06 05:06:52,270 INFO [org.jasig.cas.services.DefaultServicesManagerImpl] - Reloading registered services.
2014-11-06 05:06:52,270 INFO [org.jasig.cas.services.DefaultServicesManagerImpl] - Loaded 1 services.
2014-11-06 05:08:52,269 INFO [org.jasig.cas.services.DefaultServicesManagerImpl] - Reloading registered services.
2014-11-06 05:08:52,270 INFO [org.jasig.cas.services.DefaultServicesManagerImpl] - Loaded 1 services.
2014-11-06 05:10:52,269 INFO [org.jasig.cas.services.DefaultServicesManagerImpl] - Reloading registered services.
2014-11-06 05:10:52,269 INFO [org.jasig.cas.services.DefaultServicesManagerImpl] - Loaded 1 services.
2014-11-06 05:12:52,270 INFO [org.jasig.cas.services.DefaultServicesManagerImpl] - Reloading registered services.
2014-11-06 05:12:52,270 INFO [org.jasig.cas.services.DefaultServicesManagerImpl] - Loaded 1 services.
2014-11-06 05:14:52,270 INFO [org.jasig.cas.services.DefaultServicesManagerImpl] - Reloading registered services.
2014-11-06 05:14:52,270 INFO [org.jasig.cas.services.DefaultServicesManagerImpl] - Loaded 1 services.
2014-11-06 05:16:52,271 INFO [org.jasig.cas.services.DefaultServicesManagerImpl] - Reloading registered services.
2014-11-06 05:16:52,271 INFO [org.jasig.cas.services.DefaultServicesManagerImpl] - Loaded 1 services.
2014-11-06 05:18:52,271 INFO [org.jasig.cas.services.DefaultServicesManagerImpl] - Reloading registered services.
2014-11-06 05:18:52,271 INFO [org.jasig.cas.services.DefaultServicesManagerImpl] - Loaded 1 services.
2014-11-06 05:20:52,270 INFO [org.jasig.cas.services.DefaultServicesManagerImpl] - Reloading registered services.
2014-11-06 05:20:52,270 INFO [org.jasig.cas.services.DefaultServicesManagerImpl] - Loaded 1 services.
2014-11-06 05:22:52,269 INFO [org.jasig.cas.services.DefaultServicesManagerImpl] - Reloading registered services.
2014-11-06 05:22:52,270 INFO [org.jasig.cas.services.DefaultServicesManagerImpl] - Loaded 1 services.
2014-11-06 05:24:52,269 INFO [org.jasig.cas.services.DefaultServicesManagerImpl] - Reloading registered services.
2014-11-06 05:24:52,269 INFO [org.jasig.cas.services.DefaultServicesManagerImpl] - Loaded 1 services.
2014-11-06 05:26:52,270 INFO [org.jasig.cas.services.DefaultServicesManagerImpl] - Reloading registered services.
2014-11-06 05:26:52,270 INFO [org.jasig.cas.services.DefaultServicesManagerImpl] - Loaded 1 services.
2014-11-06 05:28:52,270 INFO [org.jasig.cas.services.DefaultServicesManagerImpl] - Reloading registered services.
2014-11-06 05:28:52,270 INFO [org.jasig.cas.services.DefaultServicesManagerImpl] - Loaded 1 services.
2014-11-06 05:30:52,269 INFO [org.jasig.cas.services.DefaultServicesManagerImpl] - Reloading registered services.
2014-11-06 05:30:52,270 INFO [org.jasig.cas.services.DefaultServicesManagerImpl] - Loaded 1 services.
2014-11-06 05:32:52,269 INFO [org.jasig.cas.services.DefaultServicesManagerImpl] - Reloading registered services.
2014-11-06 05:32:52,269 INFO [org.jasig.cas.services.DefaultServicesManagerImpl] - Loaded 1 services.
2014-11-06 05:34:52,270 INFO [org.jasig.cas.services.DefaultServicesManagerImpl] - Reloading registered services.
2014-11-06 05:34:52,270 INFO [org.jasig.cas.services.DefaultServicesManagerImpl] - Loaded 1 services.
2014-11-06 05:36:52,270 INFO [org.jasig.cas.services.DefaultServicesManagerImpl] - Reloading registered services.
2014-11-06 05:36:52,270 INFO [org.jasig.cas.services.DefaultServicesManagerImpl] - Loaded 1 services.
2014-11-06 05:38:52,269 INFO [org.jasig.cas.services.DefaultServicesManagerImpl] - Reloading registered services.
2014-11-06 05:38:52,270 INFO [org.jasig.cas.services.DefaultServicesManagerImpl] - Loaded 1 services.
2014-11-06 05:40:52,269 INFO [org.jasig.cas.services.DefaultServicesManagerImpl] - Reloading registered services.
2014-11-06 05:40:52,269 INFO [org.jasig.cas.services.DefaultServicesManagerImpl] - Loaded 1 services.
2014-11-06 05:42:52,270 INFO [org.jasig.cas.services.DefaultServicesManagerImpl] - Reloading registered services.
2014-11-06 05:42:52,270 INFO [org.jasig.cas.services.DefaultServicesManagerImpl] - Loaded 1 services.
2014-11-06 05:44:52,269 INFO [org.jasig.cas.services.DefaultServicesManagerImpl] - Reloading registered services.
2014-11-06 05:44:52,270 INFO [org.jasig.cas.services.DefaultServicesManagerImpl] - Loaded 1 services.
2014-11-06 05:46:52,269 INFO [org.jasig.cas.services.DefaultServicesManagerImpl] - Reloading registered services.
2014-11-06 05:46:52,269 INFO [org.jasig.cas.services.DefaultServicesManagerImpl] - Loaded 1 services.
2014-11-06 05:48:52,270 INFO [org.jasig.cas.services.DefaultServicesManagerImpl] - Reloading registered services.
2014-11-06 05:48:52,270 INFO [org.jasig.cas.services.DefaultServicesManagerImpl] - Loaded 1 services.
2014-11-06 05:50:52,270 INFO [org.jasig.cas.services.DefaultServicesManagerImpl] - Reloading registered services.
2014-11-06 05:50:52,270 INFO [org.jasig.cas.services.DefaultServicesManagerImpl] - Loaded 1 services.
2014-11-06 05:52:52,269 INFO [org.jasig.cas.services.DefaultServicesManagerImpl] - Reloading registered services.
2014-11-06 05:52:52,270 INFO [org.jasig.cas.services.DefaultServicesManagerImpl] - Loaded 1 services.
2014-11-06 05:54:52,269 INFO [org.jasig.cas.services.DefaultServicesManagerImpl] - Reloading registered services.
2014-11-06 05:54:52,269 INFO [org.jasig.cas.services.DefaultServicesManagerImpl] - Loaded 1 services.
2014-11-06 05:56:52,270 INFO [org.jasig.cas.services.DefaultServicesManagerImpl] - Reloading registered services.
2014-11-06 05:56:52,270 INFO [org.jasig.cas.services.DefaultServicesManagerImpl] - Loaded 1 services.
2014-11-06 05:58:52,270 INFO [org.jasig.cas.services.DefaultServicesManagerImpl] - Reloading registered services.
2014-11-06 05:58:52,270 INFO [org.jasig.cas.services.DefaultServicesManagerImpl] - Loaded 1 services.
2014-11-06 06:00:52,269 INFO [org.jasig.cas.services.DefaultServicesManagerImpl] - Reloading registered services.
2014-11-06 06:00:52,270 INFO [org.jasig.cas.services.DefaultServicesManagerImpl] - Loaded 1 services.
2014-11-06 06:02:52,269 INFO [org.jasig.cas.services.DefaultServicesManagerImpl] - Reloading registered services.
2014-11-06 06:02:52,269 INFO [org.jasig.cas.services.DefaultServicesManagerImpl] - Loaded 1 services.
2014-11-06 06:04:52,270 INFO [org.jasig.cas.services.DefaultServicesManagerImpl] - Reloading registered services.
2014-11-06 06:04:52,270 INFO [org.jasig.cas.services.DefaultServicesManagerImpl] - Loaded 1 services.
2014-11-06 06:06:52,270 INFO [org.jasig.cas.services.DefaultServicesManagerImpl] - Reloading registered services.
2014-11-06 06:06:52,270 INFO [org.jasig.cas.services.DefaultServicesManagerImpl] - Loaded 1 services.
2014-11-06 06:08:52,269 INFO [org.jasig.cas.services.DefaultServicesManagerImpl] - Reloading registered services.
2014-11-06 06:08:52,270 INFO [org.jasig.cas.services.DefaultServicesManagerImpl] - Loaded 1 services.
2014-11-06 06:10:31,524 INFO [org.jasig.cas.ticket.registry.support.DefaultTicketRegistryCleaner] - Beginning ticket cleanup.
2014-11-06 06:10:31,525 INFO [org.jasig.cas.ticket.registry.support.DefaultTicketRegistryCleaner] - 0 tickets found to be removed.
2014-11-06 06:10:31,525 INFO [org.jasig.cas.ticket.registry.support.DefaultTicketRegistryCleaner] - Finished ticket cleanup.
2014-11-06 06:10:52,269 INFO [org.jasig.cas.services.DefaultServicesManagerImpl] - Reloading registered services.
2014-11-06 06:10:52,270 INFO [org.jasig.cas.services.DefaultServicesManagerImpl] - Loaded 1 services.
2014-11-06 06:12:52,269 INFO [org.jasig.cas.services.DefaultServicesManagerImpl] - Reloading registered services.
2014-11-06 06:12:52,269 INFO [org.jasig.cas.services.DefaultServicesManagerImpl] - Loaded 1 services.
2014-11-06 06:14:52,270 INFO [org.jasig.cas.services.DefaultServicesManagerImpl] - Reloading registered services.
2014-11-06 06:14:52,270 INFO [org.jasig.cas.services.DefaultServicesManagerImpl] - Loaded 1 services.
2014-11-06 06:16:52,270 INFO [org.jasig.cas.services.DefaultServicesManagerImpl] - Reloading registered services.
2014-11-06 06:16:52,270 INFO [org.jasig.cas.services.DefaultServicesManagerImpl] - Loaded 1 services.
2014-11-06 06:18:52,269 INFO [org.jasig.cas.services.DefaultServicesManagerImpl] - Reloading registered services.
2014-11-06 06:18:52,270 INFO [org.jasig.cas.services.DefaultServicesManagerImpl] - Loaded 1 services.
2014-11-06 06:20:52,269 INFO [org.jasig.cas.services.DefaultServicesManagerImpl] - Reloading registered services.
2014-11-06 06:20:52,269 INFO [org.jasig.cas.services.DefaultServicesManagerImpl] - Loaded 1 services.
2014-11-06 06:22:52,270 INFO [org.jasig.cas.services.DefaultServicesManagerImpl] - Reloading registered services.
2014-11-06 06:22:52,270 INFO [org.jasig.cas.services.DefaultServicesManagerImpl] - Loaded 1 services.
2014-11-06 06:24:52,270 INFO [org.jasig.cas.services.DefaultServicesManagerImpl] - Reloading registered services.
2014-11-06 06:24:52,270 INFO [org.jasig.cas.services.DefaultServicesManagerImpl] - Loaded 1 services.
2014-11-06 06:26:52,269 INFO [org.jasig.cas.services.DefaultServicesManagerImpl] - Reloading registered services.
2014-11-06 06:26:52,270 INFO [org.jasig.cas.services.DefaultServicesManagerImpl] - Loaded 1 services.
2014-11-06 06:28:52,269 INFO [org.jasig.cas.services.DefaultServicesManagerImpl] - Reloading registered services.
2014-11-06 06:28:52,269 INFO [org.jasig.cas.services.DefaultServicesManagerImpl] - Loaded 1 services.
2014-11-06 06:30:52,270 INFO [org.jasig.cas.services.DefaultServicesManagerImpl] - Reloading registered services.
2014-11-06 06:30:52,270 INFO [org.jasig.cas.services.DefaultServicesManagerImpl] - Loaded 1 services.
2014-11-06 06:32:52,270 INFO [org.jasig.cas.services.DefaultServicesManagerImpl] - Reloading registered services.
2014-11-06 06:32:52,270 INFO [org.jasig.cas.services.DefaultServicesManagerImpl] - Loaded 1 services.
2014-11-06 06:34:52,270 INFO [org.jasig.cas.services.DefaultServicesManagerImpl] - Reloading registered services.
2014-11-06 06:34:52,270 INFO [org.jasig.cas.services.DefaultServicesManagerImpl] - Loaded 1 services.
2014-11-06 06:36:52,269 INFO [org.jasig.cas.services.DefaultServicesManagerImpl] - Reloading registered services.
2014-11-06 06:36:52,270 INFO [org.jasig.cas.services.DefaultServicesManagerImpl] - Loaded 1 services.
2014-11-06 06:38:52,269 INFO [org.jasig.cas.services.DefaultServicesManagerImpl] - Reloading registered services.
2014-11-06 06:38:52,269 INFO [org.jasig.cas.services.DefaultServicesManagerImpl] - Loaded 1 services.
2014-11-06 06:40:52,269 INFO [org.jasig.cas.services.DefaultServicesManagerImpl] - Reloading registered services.
2014-11-06 06:40:52,269 INFO [org.jasig.cas.services.DefaultServicesManagerImpl] - Loaded 1 services.
2014-11-06 06:42:52,270 INFO [org.jasig.cas.services.DefaultServicesManagerImpl] - Reloading registered services.
2014-11-06 06:42:52,270 INFO [org.jasig.cas.services.DefaultServicesManagerImpl] - Loaded 1 services.
2014-11-06 06:44:52,270 INFO [org.jasig.cas.services.DefaultServicesManagerImpl] - Reloading registered services.
2014-11-06 06:44:52,270 INFO [org.jasig.cas.services.DefaultServicesManagerImpl] - Loaded 1 services.
2014-11-06 06:46:52,269 INFO [org.jasig.cas.services.DefaultServicesManagerImpl] - Reloading registered services.
2014-11-06 06:46:52,270 INFO [org.jasig.cas.services.DefaultServicesManagerImpl] - Loaded 1 services.
2014-11-06 06:48:52,269 INFO [org.jasig.cas.services.DefaultServicesManagerImpl] - Reloading registered services.
2014-11-06 06:48:52,269 INFO [org.jasig.cas.services.DefaultServicesManagerImpl] - Loaded 1 services.
2014-11-06 06:50:52,270 INFO [org.jasig.cas.services.DefaultServicesManagerImpl] - Reloading registered services.
2014-11-06 06:50:52,270 INFO [org.jasig.cas.services.DefaultServicesManagerImpl] - Loaded 1 services.
2014-11-06 06:52:52,270 INFO [org.jasig.cas.services.DefaultServicesManagerImpl] - Reloading registered services.
2014-11-06 06:52:52,270 INFO [org.jasig.cas.services.DefaultServicesManagerImpl] - Loaded 1 services.
2014-11-06 06:54:52,269 INFO [org.jasig.cas.services.DefaultServicesManagerImpl] - Reloading registered services.
2014-11-06 06:54:52,285 INFO [org.jasig.cas.services.DefaultServicesManagerImpl] - Loaded 1 services.
2014-11-06 06:56:52,269 INFO [org.jasig.cas.services.DefaultServicesManagerImpl] - Reloading registered services.
2014-11-06 06:56:52,269 INFO [org.jasig.cas.services.DefaultServicesManagerImpl] - Loaded 1 services.
2014-11-06 06:58:52,270 INFO [org.jasig.cas.services.DefaultServicesManagerImpl] - Reloading registered services.
2014-11-06 06:58:52,270 INFO [org.jasig.cas.services.DefaultServicesManagerImpl] - Loaded 1 services.
2014-11-06 07:00:52,270 INFO [org.jasig.cas.services.DefaultServicesManagerImpl] - Reloading registered services.
2014-11-06 07:00:52,270 INFO [org.jasig.cas.services.DefaultServicesManagerImpl] - Loaded 1 services.
2014-11-06 07:02:52,269 INFO [org.jasig.cas.services.DefaultServicesManagerImpl] - Reloading registered services.
2014-11-06 07:02:52,270 INFO [org.jasig.cas.services.DefaultServicesManagerImpl] - Loaded 1 services.
2014-11-06 07:04:52,269 INFO [org.jasig.cas.services.DefaultServicesManagerImpl] - Reloading registered services.
2014-11-06 07:04:52,269 INFO [org.jasig.cas.services.DefaultServicesManagerImpl] - Loaded 1 services.
2014-11-06 07:06:52,270 INFO [org.jasig.cas.services.DefaultServicesManagerImpl] - Reloading registered services.
2014-11-06 07:06:52,270 INFO [org.jasig.cas.services.DefaultServicesManagerImpl] - Loaded 1 services.
2014-11-06 07:08:52,270 INFO [org.jasig.cas.services.DefaultServicesManagerImpl] - Reloading registered services.
2014-11-06 07:08:52,270 INFO [org.jasig.cas.services.DefaultServicesManagerImpl] - Loaded 1 services.
2014-11-06 07:10:52,269 INFO [org.jasig.cas.services.DefaultServicesManagerImpl] - Reloading registered services.
2014-11-06 07:10:52,270 INFO [org.jasig.cas.services.DefaultServicesManagerImpl] - Loaded 1 services.
2014-11-06 07:12:52,269 INFO [org.jasig.cas.services.DefaultServicesManagerImpl] - Reloading registered services.
2014-11-06 07:12:52,269 INFO [org.jasig.cas.services.DefaultServicesManagerImpl] - Loaded 1 services.
2014-11-06 07:14:52,270 INFO [org.jasig.cas.services.DefaultServicesManagerImpl] - Reloading registered services.
2014-11-06 07:14:52,270 INFO [org.jasig.cas.services.DefaultServicesManagerImpl] - Loaded 1 services.
2014-11-06 07:16:52,270 INFO [org.jasig.cas.services.DefaultServicesManagerImpl] - Reloading registered services.
2014-11-06 07:16:52,270 INFO [org.jasig.cas.services.DefaultServicesManagerImpl] - Loaded 1 services.
2014-11-06 07:18:52,269 INFO [org.jasig.cas.services.DefaultServicesManagerImpl] - Reloading registered services.
2014-11-06 07:18:52,270 INFO [org.jasig.cas.services.DefaultServicesManagerImpl] - Loaded 1 services.
2014-11-06 07:20:52,269 INFO [org.jasig.cas.services.DefaultServicesManagerImpl] - Reloading registered services.
2014-11-06 07:20:52,269 INFO [org.jasig.cas.services.DefaultServicesManagerImpl] - Loaded 1 services.
2014-11-06 07:22:52,270 INFO [org.jasig.cas.services.DefaultServicesManagerImpl] - Reloading registered services.
2014-11-06 07:22:52,270 INFO [org.jasig.cas.services.DefaultServicesManagerImpl] - Loaded 1 services.
2014-11-06 07:24:52,270 INFO [org.jasig.cas.services.DefaultServicesManagerImpl] - Reloading registered services.
2014-11-06 07:24:52,270 INFO [org.jasig.cas.services.DefaultServicesManagerImpl] - Loaded 1 services.
2014-11-06 07:26:52,269 INFO [org.jasig.cas.services.DefaultServicesManagerImpl] - Reloading registered services.
2014-11-06 07:26:52,270 INFO [org.jasig.cas.services.DefaultServicesManagerImpl] - Loaded 1 services.
2014-11-06 07:28:52,269 INFO [org.jasig.cas.services.DefaultServicesManagerImpl] - Reloading registered services.
2014-11-06 07:28:52,269 INFO [org.jasig.cas.services.DefaultServicesManagerImpl] - Loaded 1 services.
2014-11-06 07:30:52,270 INFO [org.jasig.cas.services.DefaultServicesManagerImpl] - Reloading registered services.
2014-11-06 07:30:52,270 INFO [org.jasig.cas.services.DefaultServicesManagerImpl] - Loaded 1 services.
2014-11-06 07:32:52,270 INFO [org.jasig.cas.services.DefaultServicesManagerImpl] - Reloading registered services.
2014-11-06 07:32:52,270 INFO [org.jasig.cas.services.DefaultServicesManagerImpl] - Loaded 1 services.
2014-11-06 07:33:51,524 INFO [org.jasig.cas.ticket.registry.support.DefaultTicketRegistryCleaner] - Beginning ticket cleanup.
2014-11-06 07:33:51,524 INFO [org.jasig.cas.ticket.registry.support.DefaultTicketRegistryCleaner] - 0 tickets found to be removed.
2014-11-06 07:33:51,525 INFO [org.jasig.cas.ticket.registry.support.DefaultTicketRegistryCleaner] - Finished ticket cleanup.
2014-11-06 07:34:52,270 INFO [org.jasig.cas.services.DefaultServicesManagerImpl] - Reloading registered services.
2014-11-06 07:34:52,270 INFO [org.jasig.cas.services.DefaultServicesManagerImpl] - Loaded 1 services.
2014-11-06 07:36:52,270 INFO [org.jasig.cas.services.DefaultServicesManagerImpl] - Reloading registered services.
2014-11-06 07:36:52,270 INFO [org.jasig.cas.services.DefaultServicesManagerImpl] - Loaded 1 services.
2014-11-06 07:38:52,269 INFO [org.jasig.cas.services.DefaultServicesManagerImpl] - Reloading registered services.
2014-11-06 07:38:52,270 INFO [org.jasig.cas.services.DefaultServicesManagerImpl] - Loaded 1 services.
2014-11-06 07:40:52,269 INFO [org.jasig.cas.services.DefaultServicesManagerImpl] - Reloading registered services.
2014-11-06 07:40:52,269 INFO [org.jasig.cas.services.DefaultServicesManagerImpl] - Loaded 1 services.
2014-11-06 07:42:52,270 INFO [org.jasig.cas.services.DefaultServicesManagerImpl] - Reloading registered services.
2014-11-06 07:42:52,270 INFO [org.jasig.cas.services.DefaultServicesManagerImpl] - Loaded 1 services.
2014-11-06 07:44:52,270 INFO [org.jasig.cas.services.DefaultServicesManagerImpl] - Reloading registered services.
2014-11-06 07:44:52,270 INFO [org.jasig.cas.services.DefaultServicesManagerImpl] - Loaded 1 services.
2014-11-06 07:46:52,269 INFO [org.jasig.cas.services.DefaultServicesManagerImpl] - Reloading registered services.
2014-11-06 07:46:52,270 INFO [org.jasig.cas.services.DefaultServicesManagerImpl] - Loaded 1 services.
2014-11-06 07:48:52,269 INFO [org.jasig.cas.services.DefaultServicesManagerImpl] - Reloading registered services.
2014-11-06 07:48:52,269 INFO [org.jasig.cas.services.DefaultServicesManagerImpl] - Loaded 1 services.
2014-11-06 07:50:52,269 INFO [org.jasig.cas.services.DefaultServicesManagerImpl] - Reloading registered services.
2014-11-06 07:50:52,269 INFO [org.jasig.cas.services.DefaultServicesManagerImpl] - Loaded 1 services.
2014-11-06 07:52:10,995 INFO [org.jasig.cas.util.AutowiringSchedulerFactoryBean] - Shutting down Quartz Scheduler
